<?xml version="1.0" encoding="UTF-8"?>
<testng-results skipped="0" failed="0" total="0" passed="0">
  <reporter-output>
  </reporter-output>
  <suite name="com.websystique.springmvc.model.OrderTest" duration-ms="0" started-at="2017-04-15T06:37:45Z" finished-at="2017-04-15T06:37:45Z">
    <groups>
    </groups>
    <test name="Command line test" duration-ms="0" started-at="2017-04-15T06:37:45Z" finished-at="2017-04-15T06:37:45Z">
    </test> <!-- Command line test -->
  </suite> <!-- com.websystique.springmvc.model.OrderTest -->
</testng-results>
